<?xml version="1.0" encoding="UTF-8"?>
<testng-results skipped="0" failed="0" ignored="0" total="1" passed="1">
  <reporter-output>
  </reporter-output>
  <suite name="Default suite" duration-ms="18609" started-at="2021-09-20T15:54:53 IST" finished-at="2021-09-20T15:55:12 IST">
    <groups>
    </groups>
    <test name="Default test" duration-ms="18609" started-at="2021-09-20T15:54:53 IST" finished-at="2021-09-20T15:55:12 IST">
      <class name="HoldBooking.HoldTicketing">
        <test-method status="PASS" signature="TicketingRequest()[pri:0, instance:HoldBooking.HoldTicketing@cb51256]" name="TicketingRequest" duration-ms="18579" started-at="2021-09-20T15:54:53 IST" finished-at="2021-09-20T15:55:12 IST">
          <reporter-output>
          </reporter-output>
        </test-method> <!-- TicketingRequest -->
      </class> <!-- HoldBooking.HoldTicketing -->
    </test> <!-- Default test -->
  </suite> <!-- Default suite -->
</testng-results>
